INFO : 2019/05/06 21:51:17 dominion_test.go:188: 9090909090
INFO : 2019/05/06 21:53:32 gameman.go:20: aaaaaaaa00000000000
INFO : 2019/05/06 21:53:32 dominion_test.go:185: ffffffffff
INFO : 2019/05/06 21:56:28 gameman.go:18: import d_original/gamebox
INFO : 2019/05/07 09:18:45 gameman.go:18: import d_original/gamebox
INFO : 2019/05/07 09:18:45 dominion_test.go:185: ffffffffff
INFO : 2019/05/07 09:18:54 gameman.go:18: import d_original/gamebox
INFO : 2019/05/07 09:18:55 dominion_test.go:185: ffffffffff
INFO : 2019/05/07 09:20:19 gameman.go:18: import d_original/GameMan
INFO : 2019/05/07 09:20:19 dominion_test.go:185: ffffffffff
INFO : 2019/05/08 21:34:45 gameman.go:18: import d_original/GameMan
INFO : 2019/05/08 21:46:53 gameman.go:19: import d_original/GameMan
INFO : 2019/05/08 21:49:39 gameman.go:17: import d_original/GameMan
INFO : 2019/05/08 21:51:54 gameman.go:20: import d_original/GameMan
INFO : 2019/05/08 21:52:15 gameman.go:20: import d_original/GameMan
INFO : 2019/05/08 21:52:15 dominion_test.go:185: ffffffffff
INFO : 2019/05/08 21:53:30 gameman.go:20: import d_original/GameMan
INFO : 2019/05/08 21:53:30 dominion_test.go:185: ffffffffff
INFO : 2019/05/08 21:54:43 gameman.go:20: import d_original/GameMan
INFO : 2019/05/08 21:54:43 dominion_test.go:185: ffffffffff
INFO : 2019/05/08 22:05:02 gameman.go:20: import d_original/GameMan
INFO : 2019/05/08 22:05:02 dominion_test.go:185: ffffffffff
INFO : 2019/05/08 22:05:20 gameman.go:20: import d_original/GameMan
INFO : 2019/05/08 22:05:20 dominion_test.go:185: ffffffffff
INFO : 2019/05/08 22:09:53 gameman.go:20: import d_original/GameMan
INFO : 2019/05/08 22:09:53 dominion_test.go:185: ffffffffff
INFO : 2019/05/08 22:15:13 gameman.go:20: import d_original/GameMan
INFO : 2019/05/08 22:15:13 dominion_test.go:185: ffffffffff
INFO : 2019/05/08 22:16:45 gameman.go:20: import d_original/GameMan
INFO : 2019/05/08 22:16:45 dominion_test.go:185: ffffffffff
INFO : 2019/05/08 22:18:36 gameman.go:20: import d_original/GameMan
INFO : 2019/05/08 22:18:36 dominion_test.go:185: ffffffffff
INFO : 2019/05/08 22:19:34 gameman.go:20: import d_original/GameMan
INFO : 2019/05/08 22:19:34 dominion_test.go:185: ffffffffff
INFO : 2019/05/08 22:20:23 gameman.go:20: import d_original/GameMan
INFO : 2019/05/08 22:20:23 dominion_test.go:185: ffffffffff
INFO : 2019/05/08 22:20:59 gameman.go:20: import d_original/GameMan
INFO : 2019/05/08 22:20:59 dominion_test.go:185: ffffffffff
INFO : 2019/05/08 22:21:47 gameman.go:20: import d_original/GameMan
INFO : 2019/05/08 22:21:47 dominion_test.go:185: ffffffffff
INFO : 2019/05/08 22:23:34 gameman.go:20: import d_original/GameMan
INFO : 2019/05/08 22:23:34 dominion_test.go:185: ffffffffff
INFO : 2019/05/08 22:27:34 gameman.go:20: import d_original/GameMan
INFO : 2019/05/08 22:27:34 dominion_test.go:185: ffffffffff
INFO : 2019/05/08 22:28:23 gameman.go:20: import d_original/GameMan
INFO : 2019/05/08 22:28:23 dominion_test.go:185: ffffffffff
INFO : 2019/05/08 22:31:07 gameman.go:20: import d_original/GameMan
INFO : 2019/05/08 22:31:07 dominion_test.go:185: map[Smithy:Smithy(ID:8)
	cost(4)
	Type[Action]
	Ability[
		+2 Action 
		+1 Buy 
		+2 Coin]
 Thief:aaaaaaThief(ID:10)
	cost(1000)
	Type[Action]
	Ability[
		+2 Action 
		+1 Buy 
		+2 Coin]
]
INFO : 2019/05/08 22:40:52 gameman.go:20: import d_original/GameMan
INFO : 2019/05/08 22:40:52 dominion_test.go:185: map[Smithy:Smithy(ID:8)
	cost(4)
	Type[Action]
	Ability[
		+2 Action 
		+1 Buy 
		+2 Coin]
 Thief:aaaaaaThief(ID:10)
	cost(1000)
	Type[Action]
	Ability[
		+2 Action 
		+1 Buy 
		+2 Coin]
]
INFO : 2019/05/08 22:42:01 gameman.go:20: import d_original/GameMan
INFO : 2019/05/08 22:42:01 dominion_test.go:185: map[Smithy:Smithy(ID:8)
	cost(4)
	Type[Action]
	Ability[
		+2 Action 
		+1 Buy 
		+2 Coin]
 Thief:aaaaaaThief(ID:10)
	cost(1000)
	Type[Action]
	Ability[
		+2 Action 
		+1 Buy 
		+2 Coin]
]
INFO : 2019/05/08 22:42:31 gameman.go:20: import d_original/GameMan
INFO : 2019/05/08 22:42:31 dominion_test.go:185: map[Smithy:Smithy(ID:8)
	cost(4)
	Type[Action]
	Ability[
		+2 Action 
		+1 Buy 
		+2 Coin]
 Thief:aaaaaaThief(ID:10)
	cost(1000)
	Type[Action]
	Ability[
		+2 Action 
		+1 Buy 
		+2 Coin]
]
INFO : 2019/05/08 22:49:53 gameman.go:20: import d_original/GameMan
INFO : 2019/05/08 22:49:53 dominion_test.go:185: map[Smithy:Smithy(ID:8)
	cost(4)
	Type[Action]
	Ability[
		+2 Action 
		+1 Buy 
		+2 Coin]
 Thief:10<<<aaaaaaThief(ID:10)
	cost(1000)
	Type[Action]
	Ability[
		+2 Action 
		+1 Buy 
		+2 Coin]
]
INFO : 2019/05/09 09:36:59 gameman.go:20: import d_original/GameMan
INFO : 2019/05/09 09:37:57 gameman.go:20: import d_original/GameMan
INFO : 2019/05/09 09:38:38 gameman.go:20: import d_original/GameMan
INFO : 2019/05/09 09:39:49 gameman.go:20: import d_original/GameMan
INFO : 2019/05/09 09:40:31 gameman.go:20: import d_original/GameMan
INFO : 2019/05/09 09:40:54 gameman.go:20: import d_original/GameMan
INFO : 2019/05/09 09:40:54 dominion_test.go:185: 
INFO : 2019/05/09 09:41:47 gameman.go:20: import d_original/GameMan
INFO : 2019/05/09 09:41:47 dominion_test.go:185: 
INFO : 2019/05/09 09:42:13 gameman.go:20: import d_original/GameMan
INFO : 2019/05/09 09:42:13 dominion_test.go:185: 
INFO : 2019/05/09 09:42:36 gameman.go:20: import d_original/GameMan
INFO : 2019/05/09 09:42:36 dominion_test.go:185: 
INFO : 2019/05/09 09:43:38 gameman.go:20: import d_original/GameMan
INFO : 2019/05/09 09:43:38 dominion_test.go:185: 
INFO : 2019/05/09 09:44:55 gameman.go:20: import d_original/GameMan
INFO : 2019/05/09 09:44:55 dominion_test.go:185: 
INFO : 2019/05/09 09:45:39 gameman.go:20: import d_original/GameMan
INFO : 2019/05/09 09:45:39 dominion_test.go:185: 
INFO : 2019/05/09 14:59:54 gameman.go:20: import d_original/GameMan
INFO : 2019/05/09 14:59:54 dominion_test.go:185: 
INFO : 2019/05/09 15:00:50 gameman.go:20: import d_original/GameMan
INFO : 2019/05/09 15:00:50 dominion_test.go:185: 
INFO : 2019/05/09 15:03:52 gameman.go:20: import d_original/GameMan
INFO : 2019/05/09 15:03:52 dominion_test.go:185: 
INFO : 2019/05/09 15:05:11 gameman.go:20: import d_original/GameMan
INFO : 2019/05/09 15:05:11 dominion_test.go:185: 
INFO : 2019/05/09 15:11:16 gameman.go:21: import d_original/GameMan
INFO : 2019/05/09 15:11:17 dominion_test.go:185: TestDrawAndCleanUp
INFO : 2019/05/09 15:11:33 gameman.go:21: import d_original/GameMan
INFO : 2019/05/09 15:11:33 dominion_test.go:185: TestDrawAndCleanUp
INFO : 2019/05/09 15:19:33 gameman.go:21: import d_original/GameMan
INFO : 2019/05/09 15:19:52 gameman.go:21: import d_original/GameMan
INFO : 2019/05/09 15:20:30 gameman.go:21: import d_original/GameMan
INFO : 2019/05/09 15:21:20 gameman.go:21: import d_original/GameMan
INFO : 2019/05/09 15:21:20 dominion_test.go:185: TestDrawAndCleanUp
INFO : 2019/05/09 15:22:01 gameman.go:21: import d_original/GameMan
INFO : 2019/05/09 15:22:22 gameman.go:21: import d_original/GameMan
INFO : 2019/05/09 15:22:49 gameman.go:21: import d_original/GameMan
INFO : 2019/05/09 15:22:49 dominion_test.go:220: TestDrawAndCleanUp
INFO : 2019/05/09 15:23:21 gameman.go:21: import d_original/GameMan
INFO : 2019/05/09 15:24:10 gameman.go:21: import d_original/GameMan
INFO : 2019/05/09 15:24:10 dominion_test.go:220: TestDrawAndCleanUp
INFO : 2019/05/09 15:24:30 gameman.go:21: import d_original/GameMan
INFO : 2019/05/09 15:25:56 gameman.go:21: import d_original/GameMan
INFO : 2019/05/09 15:25:56 dominion_test.go:185: TestDrawAndCleanUp
INFO : 2019/05/09 15:26:00 gameman.go:21: import d_original/GameMan
INFO : 2019/05/09 15:26:41 gameman.go:21: import d_original/GameMan
INFO : 2019/05/09 15:26:41 dominion_test.go:220: TestDrawAndCleanUp
INFO : 2019/05/09 15:26:57 gameman.go:21: import d_original/GameMan
INFO : 2019/05/09 15:26:57 dominion_test.go:220: TestDrawAndCleanUp
INFO : 2019/05/09 15:27:22 gameman.go:21: import d_original/GameMan
INFO : 2019/05/09 15:27:23 dominion_test.go:197: TestShowAllCard
INFO : 2019/05/09 15:27:56 gameman.go:21: import d_original/GameMan
INFO : 2019/05/09 15:27:57 dominion_test.go:196: TestShowAllCard
INFO : 2019/05/09 15:30:11 gameman.go:21: import d_original/GameMan
INFO : 2019/05/09 15:30:11 dominion_test.go:196: TestShowAllCard
INFO : 2019/05/09 15:40:18 gameman.go:21: import d_original/GameMan
INFO : 2019/05/09 15:40:19 dominion_test.go:196: TestShowAllCard
INFO : 2019/05/09 15:41:10 gameman.go:21: import d_original/GameMan
INFO : 2019/05/09 15:42:38 gameman.go:21: import d_original/GameMan
INFO : 2019/05/09 15:42:38 dominion_test.go:196: TestShowAllCard
INFO : 2019/05/09 15:42:54 gameman.go:21: import d_original/GameMan
INFO : 2019/05/09 15:42:54 dominion_test.go:196: TestShowAllCard
INFO : 2019/05/09 15:43:08 gameman.go:21: import d_original/GameMan
INFO : 2019/05/09 15:43:08 dominion_test.go:196: TestShowAllCard
INFO : 2019/05/09 15:43:51 gameman.go:21: import d_original/GameMan
INFO : 2019/05/09 15:43:51 dominion_test.go:196: TestShowAllCard
INFO : 2019/05/09 15:44:09 gameman.go:21: import d_original/GameMan
INFO : 2019/05/09 15:44:09 dominion_test.go:196: TestShowAllCard
INFO : 2019/05/09 15:49:47 gameman.go:21: import d_original/GameMan
INFO : 2019/05/09 15:49:47 dominion_test.go:196: TestShowAllCard
INFO : 2019/05/09 15:52:34 gameman.go:21: import d_original/GameMan
INFO : 2019/05/09 15:55:38 gameman.go:21: import d_original/GameMan
INFO : 2019/05/09 15:55:38 dominion_test.go:196: TestShowAllCard
INFO : 2019/05/09 17:05:30 gameman.go:21: import d_original/GameMan
INFO : 2019/05/09 17:05:30 dominion_test.go:196: TestShowAllCard
INFO : 2019/05/09 17:13:15 gameman.go:24: import d_original/GameMan
INFO : 2019/05/09 17:13:16 dominion_test.go:196: TestShowAllCard
