INFO : 2019/05/06 21:51:17 doriginal_test.go:188: 9090909090
INFO : 2019/05/06 21:53:32 gameman.go:20: aaaaaaaa00000000000
INFO : 2019/05/06 21:53:32 doriginal_test.go:185: ffffffffff
INFO : 2019/05/06 21:56:28 gameman.go:18: import d_original/gamebox
INFO : 2019/05/07 09:18:45 gameman.go:18: import d_original/gamebox
INFO : 2019/05/07 09:18:45 doriginal_test.go:185: ffffffffff
INFO : 2019/05/07 09:18:54 gameman.go:18: import d_original/gamebox
INFO : 2019/05/07 09:18:55 doriginal_test.go:185: ffffffffff
INFO : 2019/05/07 09:20:19 gameman.go:18: import d_original/GameMan
INFO : 2019/05/07 09:20:19 doriginal_test.go:185: ffffffffff
INFO : 2019/05/08 21:34:45 gameman.go:18: import d_original/GameMan
INFO : 2019/05/08 21:46:53 gameman.go:19: import d_original/GameMan
INFO : 2019/05/08 21:49:39 gameman.go:17: import d_original/GameMan
INFO : 2019/05/08 21:51:54 gameman.go:20: import d_original/GameMan
INFO : 2019/05/08 21:52:15 gameman.go:20: import d_original/GameMan
INFO : 2019/05/08 21:52:15 doriginal_test.go:185: ffffffffff
INFO : 2019/05/08 21:53:30 gameman.go:20: import d_original/GameMan
INFO : 2019/05/08 21:53:30 doriginal_test.go:185: ffffffffff
INFO : 2019/05/08 21:54:43 gameman.go:20: import d_original/GameMan
INFO : 2019/05/08 21:54:43 doriginal_test.go:185: ffffffffff
INFO : 2019/05/08 22:05:02 gameman.go:20: import d_original/GameMan
INFO : 2019/05/08 22:05:02 doriginal_test.go:185: ffffffffff
INFO : 2019/05/08 22:05:20 gameman.go:20: import d_original/GameMan
INFO : 2019/05/08 22:05:20 doriginal_test.go:185: ffffffffff
INFO : 2019/05/08 22:09:53 gameman.go:20: import d_original/GameMan
INFO : 2019/05/08 22:09:53 doriginal_test.go:185: ffffffffff
INFO : 2019/05/08 22:15:13 gameman.go:20: import d_original/GameMan
INFO : 2019/05/08 22:15:13 doriginal_test.go:185: ffffffffff
INFO : 2019/05/08 22:16:45 gameman.go:20: import d_original/GameMan
INFO : 2019/05/08 22:16:45 doriginal_test.go:185: ffffffffff
INFO : 2019/05/08 22:18:36 gameman.go:20: import d_original/GameMan
INFO : 2019/05/08 22:18:36 doriginal_test.go:185: ffffffffff
INFO : 2019/05/08 22:19:34 gameman.go:20: import d_original/GameMan
INFO : 2019/05/08 22:19:34 doriginal_test.go:185: ffffffffff
INFO : 2019/05/08 22:20:23 gameman.go:20: import d_original/GameMan
INFO : 2019/05/08 22:20:23 doriginal_test.go:185: ffffffffff
INFO : 2019/05/08 22:20:59 gameman.go:20: import d_original/GameMan
INFO : 2019/05/08 22:20:59 doriginal_test.go:185: ffffffffff
INFO : 2019/05/08 22:21:47 gameman.go:20: import d_original/GameMan
INFO : 2019/05/08 22:21:47 doriginal_test.go:185: ffffffffff
INFO : 2019/05/08 22:23:34 gameman.go:20: import d_original/GameMan
INFO : 2019/05/08 22:23:34 doriginal_test.go:185: ffffffffff
INFO : 2019/05/08 22:27:34 gameman.go:20: import d_original/GameMan
INFO : 2019/05/08 22:27:34 doriginal_test.go:185: ffffffffff
INFO : 2019/05/08 22:28:23 gameman.go:20: import d_original/GameMan
INFO : 2019/05/08 22:28:23 doriginal_test.go:185: ffffffffff
INFO : 2019/05/08 22:31:07 gameman.go:20: import d_original/GameMan
INFO : 2019/05/08 22:31:07 doriginal_test.go:185: map[Smithy:Smithy(ID:8)
	cost(4)
	Type[Action]
	Ability[
		+2 Action 
		+1 Buy 
		+2 Coin]
 Thief:aaaaaaThief(ID:10)
	cost(1000)
	Type[Action]
	Ability[
		+2 Action 
		+1 Buy 
		+2 Coin]
]
INFO : 2019/05/08 22:40:52 gameman.go:20: import d_original/GameMan
INFO : 2019/05/08 22:40:52 doriginal_test.go:185: map[Smithy:Smithy(ID:8)
	cost(4)
	Type[Action]
	Ability[
		+2 Action 
		+1 Buy 
		+2 Coin]
 Thief:aaaaaaThief(ID:10)
	cost(1000)
	Type[Action]
	Ability[
		+2 Action 
		+1 Buy 
		+2 Coin]
]
INFO : 2019/05/08 22:42:01 gameman.go:20: import d_original/GameMan
INFO : 2019/05/08 22:42:01 doriginal_test.go:185: map[Smithy:Smithy(ID:8)
	cost(4)
	Type[Action]
	Ability[
		+2 Action 
		+1 Buy 
		+2 Coin]
 Thief:aaaaaaThief(ID:10)
	cost(1000)
	Type[Action]
	Ability[
		+2 Action 
		+1 Buy 
		+2 Coin]
]
INFO : 2019/05/08 22:42:31 gameman.go:20: import d_original/GameMan
INFO : 2019/05/08 22:42:31 doriginal_test.go:185: map[Smithy:Smithy(ID:8)
	cost(4)
	Type[Action]
	Ability[
		+2 Action 
		+1 Buy 
		+2 Coin]
 Thief:aaaaaaThief(ID:10)
	cost(1000)
	Type[Action]
	Ability[
		+2 Action 
		+1 Buy 
		+2 Coin]
]
INFO : 2019/05/08 22:49:53 gameman.go:20: import d_original/GameMan
INFO : 2019/05/08 22:49:53 doriginal_test.go:185: map[Smithy:Smithy(ID:8)
	cost(4)
	Type[Action]
	Ability[
		+2 Action 
		+1 Buy 
		+2 Coin]
 Thief:10<<<aaaaaaThief(ID:10)
	cost(1000)
	Type[Action]
	Ability[
		+2 Action 
		+1 Buy 
		+2 Coin]
]
INFO : 2019/05/09 09:36:59 gameman.go:20: import d_original/GameMan
INFO : 2019/05/09 09:37:57 gameman.go:20: import d_original/GameMan
INFO : 2019/05/09 09:38:38 gameman.go:20: import d_original/GameMan
INFO : 2019/05/09 09:39:49 gameman.go:20: import d_original/GameMan
INFO : 2019/05/09 09:40:31 gameman.go:20: import d_original/GameMan
INFO : 2019/05/09 09:40:54 gameman.go:20: import d_original/GameMan
INFO : 2019/05/09 09:40:54 doriginal_test.go:185: 
INFO : 2019/05/09 09:41:47 gameman.go:20: import d_original/GameMan
INFO : 2019/05/09 09:41:47 doriginal_test.go:185: 
INFO : 2019/05/09 09:42:13 gameman.go:20: import d_original/GameMan
INFO : 2019/05/09 09:42:13 doriginal_test.go:185: 
INFO : 2019/05/09 09:42:36 gameman.go:20: import d_original/GameMan
INFO : 2019/05/09 09:42:36 doriginal_test.go:185: 
INFO : 2019/05/09 09:43:38 gameman.go:20: import d_original/GameMan
INFO : 2019/05/09 09:43:38 doriginal_test.go:185: 
INFO : 2019/05/09 09:44:55 gameman.go:20: import d_original/GameMan
INFO : 2019/05/09 09:44:55 doriginal_test.go:185: 
INFO : 2019/05/09 09:45:39 gameman.go:20: import d_original/GameMan
INFO : 2019/05/09 09:45:39 doriginal_test.go:185: 
